<?xml version="1.0" encoding="UTF-8"?>
<testsuite xmlns:xsi="http://www.w3.org/2001/XMLSchema-instance" xsi:noNamespaceSchemaLocation="https://maven.apache.org/surefire/maven-surefire-plugin/xsd/surefire-test-report-3.0.xsd" version="3.0" name="com.example.taskmanager.service.TaskServiceTest" time="0.164" tests="9" errors="0" skipped="0" failures="0">
  <properties>
[...]
</properties>
  <testcase name="shouldReturnNullWhenTaskDoesNotExist" classname="com.example.taskmanager.service.TaskServiceTest" time="0.054"/>
  <testcase name="shouldNotCrashWhenUpdatingNonExistentTask" classname="com.example.taskmanager.service.TaskServiceTest" time="0.006"/>
  <testcase name="shouldReturnPendingTasks" classname="com.example.taskmanager.service.TaskServiceTest" time="0.01"/>
  <testcase name="shouldAddTask" classname="com.example.taskmanager.service.TaskServiceTest" time="0.002"/>
  <testcase name="shouldReturnCompletedTasks" classname="com.example.taskmanager.service.TaskServiceTest" time="0.005"/>
  <testcase name="shouldRemoveTask" classname="com.example.taskmanager.service.TaskServiceTest" time="0.002"/>
  <testcase name="shouldUpdateTaskDescription" classname="com.example.taskmanager.service.TaskServiceTest" time="0.006"/>
  <testcase name="shouldCompleteTask" classname="com.example.taskmanager.service.TaskServiceTest" time="0.0"/>
  <testcase name="shouldDoNothingWhenCompletingNonExistentTask" classname="com.example.taskmanager.service.TaskServiceTest" time="0.002"/>
</testsuite>